[INFO  - 2018-01-07T00:35:57.977Z] GhostDriver - Main - running on port 48130
[INFO  - 2018-01-07T00:35:58.650Z] Session [badbfd60-f342-11e7-80bb-870f9332c271] - page.settings - {"XSSAuditingEnabled":false,"javascriptCanCloseWindows":true,"javascriptCanOpenWindows":true,"javascriptEnabled":true,"loadImages":true,"localToRemoteUrlAccessEnabled":false,"userAgent":"Mozilla/5.0 (Unknown; Linux x86_64) AppleWebKit/538.1 (KHTML, like Gecko) PhantomJS/2.1.1 Safari/538.1","webSecurityEnabled":true}
[INFO  - 2018-01-07T00:35:58.650Z] Session [badbfd60-f342-11e7-80bb-870f9332c271] - page.customHeaders:  - {}
[INFO  - 2018-01-07T00:35:58.650Z] Session [badbfd60-f342-11e7-80bb-870f9332c271] - Session.negotiatedCapabilities - {"browserName":"phantomjs","version":"2.1.1","driverName":"ghostdriver","driverVersion":"1.2.0","platform":"linux-unknown-64bit","javascriptEnabled":true,"takesScreenshot":true,"handlesAlerts":false,"databaseEnabled":false,"locationContextEnabled":false,"applicationCacheEnabled":false,"browserConnectionEnabled":false,"cssSelectorsEnabled":true,"webStorageEnabled":false,"rotatable":false,"acceptSslCerts":false,"nativeEvents":true,"proxy":{"proxyType":"direct"}}
[INFO  - 2018-01-07T00:35:58.650Z] SessionManagerReqHand - _postNewSessionCommand - New Session Created: badbfd60-f342-11e7-80bb-870f9332c271
[ERROR - 2018-01-07T00:36:06.755Z] WebElementLocator - _handleLocateCommand - Element(s) NOT Found: GAVE UP. Search Stop Time: 1515285366740

  phantomjs://platform/console++.js:263 in error
[ERROR - 2018-01-07T00:36:08.033Z] WebElementLocator - _handleLocateCommand - Element(s) NOT Found: GAVE UP. Search Stop Time: 1515285368021

  phantomjs://platform/console++.js:263 in error
[ERROR - 2018-01-07T00:36:09.444Z] WebElementLocator - _handleLocateCommand - Element(s) NOT Found: GAVE UP. Search Stop Time: 1515285369431

  phantomjs://platform/console++.js:263 in error
[ERROR - 2018-01-07T00:36:10.740Z] WebElementLocator - _handleLocateCommand - Element(s) NOT Found: GAVE UP. Search Stop Time: 1515285370725

  phantomjs://platform/console++.js:263 in error
[ERROR - 2018-01-07T00:36:11.978Z] WebElementLocator - _handleLocateCommand - Element(s) NOT Found: GAVE UP. Search Stop Time: 1515285371968

  phantomjs://platform/console++.js:263 in error
[ERROR - 2018-01-07T00:36:13.229Z] WebElementLocator - _handleLocateCommand - Element(s) NOT Found: GAVE UP. Search Stop Time: 1515285373216

  phantomjs://platform/console++.js:263 in error
[ERROR - 2018-01-07T00:36:14.424Z] WebElementLocator - _handleLocateCommand - Element(s) NOT Found: GAVE UP. Search Stop Time: 1515285374411

  phantomjs://platform/console++.js:263 in error
[ERROR - 2018-01-07T00:36:15.654Z] WebElementLocator - _handleLocateCommand - Element(s) NOT Found: GAVE UP. Search Stop Time: 1515285375642

  phantomjs://platform/console++.js:263 in error
[ERROR - 2018-01-07T00:36:16.844Z] WebElementLocator - _handleLocateCommand - Element(s) NOT Found: GAVE UP. Search Stop Time: 1515285376834

  phantomjs://platform/console++.js:263 in error
[ERROR - 2018-01-07T00:36:18.032Z] WebElementLocator - _handleLocateCommand - Element(s) NOT Found: GAVE UP. Search Stop Time: 1515285378021

  phantomjs://platform/console++.js:263 in error
[ERROR - 2018-01-07T00:36:19.221Z] WebElementLocator - _handleLocateCommand - Element(s) NOT Found: GAVE UP. Search Stop Time: 1515285379211

  phantomjs://platform/console++.js:263 in error
[ERROR - 2018-01-07T00:36:20.411Z] WebElementLocator - _handleLocateCommand - Element(s) NOT Found: GAVE UP. Search Stop Time: 1515285380401

  phantomjs://platform/console++.js:263 in error
[ERROR - 2018-01-07T00:36:21.651Z] WebElementLocator - _handleLocateCommand - Element(s) NOT Found: GAVE UP. Search Stop Time: 1515285381641

  phantomjs://platform/console++.js:263 in error
[ERROR - 2018-01-07T00:36:22.844Z] WebElementLocator - _handleLocateCommand - Element(s) NOT Found: GAVE UP. Search Stop Time: 1515285382832

  phantomjs://platform/console++.js:263 in error
[ERROR - 2018-01-07T00:36:24.072Z] WebElementLocator - _handleLocateCommand - Element(s) NOT Found: GAVE UP. Search Stop Time: 1515285384058

  phantomjs://platform/console++.js:263 in error
[ERROR - 2018-01-07T00:36:25.298Z] WebElementLocator - _handleLocateCommand - Element(s) NOT Found: GAVE UP. Search Stop Time: 1515285385286

  phantomjs://platform/console++.js:263 in error
[ERROR - 2018-01-07T00:36:26.502Z] WebElementLocator - _handleLocateCommand - Element(s) NOT Found: GAVE UP. Search Stop Time: 1515285386491

  phantomjs://platform/console++.js:263 in error
[ERROR - 2018-01-07T00:36:27.702Z] WebElementLocator - _handleLocateCommand - Element(s) NOT Found: GAVE UP. Search Stop Time: 1515285387689

  phantomjs://platform/console++.js:263 in error
